{"src/speechkitt.js":{"path":"src/speechkitt.js","s":{"1":1,"2":1,"3":1,"4":2,"5":2,"6":2,"7":0,"8":2,"9":2,"10":2,"11":0},"b":{"1":[2,2],"2":[2,0],"3":[0,0],"4":[2,2],"5":[2,0],"6":[0,0]},"f":{"1":1,"2":2,"3":2},"fnMap":{"1":{"name":"(anonymous_1)","line":7,"loc":{"start":{"line":7,"column":1},"end":{"line":7,"column":22}}},"2":{"name":"(anonymous_2)","line":35,"loc":{"start":{"line":35,"column":21},"end":{"line":35,"column":49}}},"3":{"name":"(anonymous_3)","line":59,"loc":{"start":{"line":59,"column":21},"end":{"line":59,"column":49}}}},"statementMap":{"1":{"start":{"line":7,"column":0},"end":{"line":70,"column":14}},"2":{"start":{"line":11,"column":2},"end":{"line":11,"column":19}},"3":{"start":{"line":14,"column":2},"end":{"line":68,"column":4}},"4":{"start":{"line":37,"column":6},"end":{"line":37,"column":45}},"5":{"start":{"line":38,"column":6},"end":{"line":40,"column":7}},"6":{"start":{"line":39,"column":8},"end":{"line":39,"column":57}},"7":{"start":{"line":41,"column":6},"end":{"line":41,"column":32}},"8":{"start":{"line":61,"column":6},"end":{"line":61,"column":45}},"9":{"start":{"line":62,"column":6},"end":{"line":64,"column":7}},"10":{"start":{"line":63,"column":8},"end":{"line":63,"column":57}},"11":{"start":{"line":65,"column":6},"end":{"line":65,"column":32}}},"branchMap":{"1":{"line":37,"type":"binary-expr","locations":[{"start":{"line":37,"column":17},"end":{"line":37,"column":32}},{"start":{"line":37,"column":36},"end":{"line":37,"column":44}}]},"2":{"line":38,"type":"if","locations":[{"start":{"line":38,"column":6},"end":{"line":38,"column":6}},{"start":{"line":38,"column":6},"end":{"line":38,"column":6}}]},"3":{"line":41,"type":"binary-expr","locations":[{"start":{"line":41,"column":16},"end":{"line":41,"column":23}},{"start":{"line":41,"column":27},"end":{"line":41,"column":31}}]},"4":{"line":61,"type":"binary-expr","locations":[{"start":{"line":61,"column":17},"end":{"line":61,"column":32}},{"start":{"line":61,"column":36},"end":{"line":61,"column":44}}]},"5":{"line":62,"type":"if","locations":[{"start":{"line":62,"column":6},"end":{"line":62,"column":6}},{"start":{"line":62,"column":6},"end":{"line":62,"column":6}}]},"6":{"line":65,"type":"binary-expr","locations":[{"start":{"line":65,"column":16},"end":{"line":65,"column":23}},{"start":{"line":65,"column":27},"end":{"line":65,"column":31}}]}}},"test/corti.js":{"path":"test/corti.js","s":{"1":1,"2":1,"3":1,"4":1,"5":7,"6":7,"7":4,"8":4,"9":2,"10":11,"11":1,"12":7,"13":7,"14":7},"b":{"1":[7,7,7,7,7]},"f":{"1":1,"2":7,"3":4,"4":4,"5":2,"6":11,"7":7,"8":7},"fnMap":{"1":{"name":"(anonymous_1)","line":7,"loc":{"start":{"line":7,"column":1},"end":{"line":7,"column":22}}},"2":{"name":"(anonymous_2)","line":16,"loc":{"start":{"line":16,"column":29},"end":{"line":16,"column":40}}},"3":{"name":"(anonymous_3)","line":21,"loc":{"start":{"line":21,"column":13},"end":{"line":21,"column":24}}},"4":{"name":"(anonymous_4)","line":25,"loc":{"start":{"line":25,"column":13},"end":{"line":25,"column":24}}},"5":{"name":"(anonymous_5)","line":29,"loc":{"start":{"line":29,"column":12},"end":{"line":29,"column":23}}},"6":{"name":"(anonymous_6)","line":33,"loc":{"start":{"line":33,"column":17},"end":{"line":33,"column":28}}},"7":{"name":"(anonymous_7)","line":41,"loc":{"start":{"line":41,"column":11},"end":{"line":41,"column":22}}},"8":{"name":"(anonymous_8)","line":50,"loc":{"start":{"line":50,"column":13},"end":{"line":50,"column":24}}}},"statementMap":{"1":{"start":{"line":7,"column":0},"end":{"line":55,"column":14}},"2":{"start":{"line":11,"column":2},"end":{"line":11,"column":19}},"3":{"start":{"line":14,"column":2},"end":{"line":14,"column":24}},"4":{"start":{"line":16,"column":2},"end":{"line":37,"column":4}},"5":{"start":{"line":17,"column":4},"end":{"line":17,"column":24}},"6":{"start":{"line":19,"column":4},"end":{"line":36,"column":6}},"7":{"start":{"line":22,"column":8},"end":{"line":22,"column":23}},"8":{"start":{"line":26,"column":8},"end":{"line":26,"column":24}},"9":{"start":{"line":30,"column":8},"end":{"line":30,"column":21}},"10":{"start":{"line":34,"column":8},"end":{"line":34,"column":23}},"11":{"start":{"line":40,"column":2},"end":{"line":53,"column":4}},"12":{"start":{"line":42,"column":6},"end":{"line":46,"column":33}},"13":{"start":{"line":47,"column":6},"end":{"line":47,"column":55}},"14":{"start":{"line":51,"column":6},"end":{"line":51,"column":50}}},"branchMap":{"1":{"line":42,"type":"binary-expr","locations":[{"start":{"line":42,"column":26},"end":{"line":42,"column":49}},{"start":{"line":43,"column":8},"end":{"line":43,"column":37}},{"start":{"line":44,"column":8},"end":{"line":44,"column":34}},{"start":{"line":45,"column":8},"end":{"line":45,"column":33}},{"start":{"line":46,"column":8},"end":{"line":46,"column":32}}]}}}}