{"src/speechkitt.js":{"path":"src/speechkitt.js","s":{"1":1,"2":1,"3":1,"4":1,"5":1,"6":4,"7":4,"8":2,"9":2,"10":2,"11":3,"12":3,"13":2,"14":1,"15":1,"16":4,"17":1,"18":3,"19":3,"20":1,"21":2},"b":{"1":[4,4],"2":[2,2],"3":[2,2],"4":[3,3],"5":[2,1],"6":[1,1],"7":[1,3],"8":[1,2]},"f":{"1":1,"2":4,"3":3,"4":4,"5":3},"fnMap":{"1":{"name":"(anonymous_1)","line":7,"loc":{"start":{"line":7,"column":1},"end":{"line":7,"column":22}}},"2":{"name":"(anonymous_2)","line":39,"loc":{"start":{"line":39,"column":21},"end":{"line":39,"column":49}}},"3":{"name":"(anonymous_3)","line":65,"loc":{"start":{"line":65,"column":21},"end":{"line":65,"column":49}}},"4":{"name":"(anonymous_4)","line":79,"loc":{"start":{"line":79,"column":22},"end":{"line":79,"column":33}}},"5":{"name":"(anonymous_5)","line":89,"loc":{"start":{"line":89,"column":22},"end":{"line":89,"column":33}}}},"statementMap":{"1":{"start":{"line":7,"column":0},"end":{"line":98,"column":14}},"2":{"start":{"line":11,"column":2},"end":{"line":11,"column":19}},"3":{"start":{"line":13,"column":2},"end":{"line":13,"column":20}},"4":{"start":{"line":14,"column":2},"end":{"line":14,"column":20}},"5":{"start":{"line":18,"column":2},"end":{"line":96,"column":4}},"6":{"start":{"line":41,"column":6},"end":{"line":41,"column":45}},"7":{"start":{"line":42,"column":6},"end":{"line":44,"column":7}},"8":{"start":{"line":43,"column":8},"end":{"line":43,"column":57}},"9":{"start":{"line":45,"column":6},"end":{"line":45,"column":32}},"10":{"start":{"line":47,"column":6},"end":{"line":47,"column":61}},"11":{"start":{"line":67,"column":6},"end":{"line":67,"column":45}},"12":{"start":{"line":68,"column":6},"end":{"line":70,"column":7}},"13":{"start":{"line":69,"column":8},"end":{"line":69,"column":57}},"14":{"start":{"line":71,"column":6},"end":{"line":71,"column":32}},"15":{"start":{"line":73,"column":6},"end":{"line":73,"column":61}},"16":{"start":{"line":80,"column":6},"end":{"line":82,"column":7}},"17":{"start":{"line":81,"column":8},"end":{"line":81,"column":83}},"18":{"start":{"line":83,"column":6},"end":{"line":83,"column":58}},"19":{"start":{"line":90,"column":6},"end":{"line":92,"column":7}},"20":{"start":{"line":91,"column":8},"end":{"line":91,"column":83}},"21":{"start":{"line":93,"column":6},"end":{"line":93,"column":58}}},"branchMap":{"1":{"line":41,"type":"binary-expr","locations":[{"start":{"line":41,"column":17},"end":{"line":41,"column":32}},{"start":{"line":41,"column":36},"end":{"line":41,"column":44}}]},"2":{"line":42,"type":"if","locations":[{"start":{"line":42,"column":6},"end":{"line":42,"column":6}},{"start":{"line":42,"column":6},"end":{"line":42,"column":6}}]},"3":{"line":45,"type":"binary-expr","locations":[{"start":{"line":45,"column":16},"end":{"line":45,"column":23}},{"start":{"line":45,"column":27},"end":{"line":45,"column":31}}]},"4":{"line":67,"type":"binary-expr","locations":[{"start":{"line":67,"column":17},"end":{"line":67,"column":32}},{"start":{"line":67,"column":36},"end":{"line":67,"column":44}}]},"5":{"line":68,"type":"if","locations":[{"start":{"line":68,"column":6},"end":{"line":68,"column":6}},{"start":{"line":68,"column":6},"end":{"line":68,"column":6}}]},"6":{"line":71,"type":"binary-expr","locations":[{"start":{"line":71,"column":16},"end":{"line":71,"column":23}},{"start":{"line":71,"column":27},"end":{"line":71,"column":31}}]},"7":{"line":80,"type":"if","locations":[{"start":{"line":80,"column":6},"end":{"line":80,"column":6}},{"start":{"line":80,"column":6},"end":{"line":80,"column":6}}]},"8":{"line":90,"type":"if","locations":[{"start":{"line":90,"column":6},"end":{"line":90,"column":6}},{"start":{"line":90,"column":6},"end":{"line":90,"column":6}}]}}},"test/corti.js":{"path":"test/corti.js","s":{"1":1,"2":1,"3":1,"4":1,"5":11,"6":11,"7":7,"8":6,"9":2,"10":18,"11":1,"12":11,"13":11,"14":11},"b":{"1":[11,11,11,11,11]},"f":{"1":1,"2":11,"3":7,"4":6,"5":2,"6":18,"7":11,"8":11},"fnMap":{"1":{"name":"(anonymous_1)","line":7,"loc":{"start":{"line":7,"column":1},"end":{"line":7,"column":22}}},"2":{"name":"(anonymous_2)","line":16,"loc":{"start":{"line":16,"column":29},"end":{"line":16,"column":40}}},"3":{"name":"(anonymous_3)","line":21,"loc":{"start":{"line":21,"column":13},"end":{"line":21,"column":24}}},"4":{"name":"(anonymous_4)","line":25,"loc":{"start":{"line":25,"column":13},"end":{"line":25,"column":24}}},"5":{"name":"(anonymous_5)","line":29,"loc":{"start":{"line":29,"column":12},"end":{"line":29,"column":23}}},"6":{"name":"(anonymous_6)","line":33,"loc":{"start":{"line":33,"column":17},"end":{"line":33,"column":28}}},"7":{"name":"(anonymous_7)","line":41,"loc":{"start":{"line":41,"column":11},"end":{"line":41,"column":22}}},"8":{"name":"(anonymous_8)","line":50,"loc":{"start":{"line":50,"column":13},"end":{"line":50,"column":24}}}},"statementMap":{"1":{"start":{"line":7,"column":0},"end":{"line":55,"column":14}},"2":{"start":{"line":11,"column":2},"end":{"line":11,"column":19}},"3":{"start":{"line":14,"column":2},"end":{"line":14,"column":24}},"4":{"start":{"line":16,"column":2},"end":{"line":37,"column":4}},"5":{"start":{"line":17,"column":4},"end":{"line":17,"column":24}},"6":{"start":{"line":19,"column":4},"end":{"line":36,"column":6}},"7":{"start":{"line":22,"column":8},"end":{"line":22,"column":23}},"8":{"start":{"line":26,"column":8},"end":{"line":26,"column":24}},"9":{"start":{"line":30,"column":8},"end":{"line":30,"column":21}},"10":{"start":{"line":34,"column":8},"end":{"line":34,"column":23}},"11":{"start":{"line":40,"column":2},"end":{"line":53,"column":4}},"12":{"start":{"line":42,"column":6},"end":{"line":46,"column":33}},"13":{"start":{"line":47,"column":6},"end":{"line":47,"column":55}},"14":{"start":{"line":51,"column":6},"end":{"line":51,"column":50}}},"branchMap":{"1":{"line":42,"type":"binary-expr","locations":[{"start":{"line":42,"column":26},"end":{"line":42,"column":49}},{"start":{"line":43,"column":8},"end":{"line":43,"column":37}},{"start":{"line":44,"column":8},"end":{"line":44,"column":34}},{"start":{"line":45,"column":8},"end":{"line":45,"column":33}},{"start":{"line":46,"column":8},"end":{"line":46,"column":32}}]}}}}